<?xml version="1.0" encoding="UTF-8"?>
<!-- Generated by org.testng.reporters.JUnitReportReporter -->
<testsuite hostname="user1" failures="0" tests="2" name="runners.MyTestRunner" time="2.714" errors="0" timestamp="2025-04-11T17:58:53 IST" skipped="0">
  <testcase classname="runners.MyTestRunner" name="runScenario" time="1.084"/>
  <testcase classname="runners.MyTestRunner" name="runScenario" time="1.630"/>
</testsuite> <!-- runners.MyTestRunner -->
